mode: set
github.com/felipevcc/awesome-api/main.go:13.13,15.44 2 0
github.com/felipevcc/awesome-api/main.go:15.44,17.4 1 0
github.com/felipevcc/awesome-api/main.go:18.3,21.58 2 0
github.com/felipevcc/awesome-api/main.go:24.32,37.2 5 1
github.com/felipevcc/awesome-api/main.go:39.65,47.2 2 1
github.com/felipevcc/awesome-api/main.go:49.59,57.26 4 1
github.com/felipevcc/awesome-api/main.go:58.13,60.22 1 1
github.com/felipevcc/awesome-api/main.go:61.14,63.28 1 1
github.com/felipevcc/awesome-api/main.go:67.3,67.17 1 1
github.com/felipevcc/awesome-api/main.go:67.17,70.4 2 1
github.com/felipevcc/awesome-api/main.go:73.3,76.57 2 1
